\BOOKMARK [0][-]{chapter*.3}{Acknowledgments}{}% 1
\BOOKMARK [0][-]{chapter*.4}{Abstract}{}% 2
\BOOKMARK [0][-]{chapter*.7}{List of Tables}{}% 3
\BOOKMARK [0][-]{chapter*.8}{List of Figures}{}% 4
\BOOKMARK [0][-]{chapter.1}{Chapter Introduction}{}% 5
\BOOKMARK [1][-]{section.1.1}{Motivation}{chapter.1}% 6
\BOOKMARK [1][-]{section.1.2}{Aims}{chapter.1}% 7
\BOOKMARK [1][-]{section.1.3}{Road-map}{chapter.1}% 8
\BOOKMARK [0][-]{chapter.2}{Chapter The State of the Art}{}% 9
\BOOKMARK [1][-]{section.2.1}{Software Metrics}{chapter.2}% 10
\BOOKMARK [1][-]{section.2.2}{Metrics Measurement and Analysis}{chapter.2}% 11
\BOOKMARK [1][-]{section.2.3}{Mobile Data Gathering}{chapter.2}% 12
\BOOKMARK [1][-]{section.2.4}{Cognitive Performance}{chapter.2}% 13
\BOOKMARK [1][-]{section.2.5}{Long Term improvements}{chapter.2}% 14
\BOOKMARK [0][-]{chapter.3}{Chapter Background}{}% 15
\BOOKMARK [1][-]{section.3.1}{Mobile Device Sensors}{chapter.3}% 16
\BOOKMARK [0][-]{chapter.4}{Chapter Design}{}% 17
\BOOKMARK [1][-]{section.4.1}{Functionality Overview}{chapter.4}% 18
\BOOKMARK [1][-]{section.4.2}{Mobile Application Design}{chapter.4}% 19
\BOOKMARK [2][-]{subsection.4.2.1}{App Architecture}{section.4.2}% 20
\BOOKMARK [2][-]{subsection.4.2.2}{User Interface}{section.4.2}% 21
\BOOKMARK [2][-]{subsection.4.2.3}{Data Storage}{section.4.2}% 22
\BOOKMARK [2][-]{subsection.4.2.4}{API}{section.4.2}% 23
\BOOKMARK [2][-]{subsection.4.2.5}{User Information}{section.4.2}% 24
\BOOKMARK [1][-]{section.4.3}{Server Design}{chapter.4}% 25
\BOOKMARK [2][-]{subsection.4.3.1}{Server Frontend Design}{section.4.3}% 26
\BOOKMARK [2][-]{subsection.4.3.2}{Server Backend Design}{section.4.3}% 27
\BOOKMARK [1][-]{section.4.4}{Encrpting Tool}{chapter.4}% 28
\BOOKMARK [0][-]{chapter.5}{Chapter Implementation}{}% 29
\BOOKMARK [1][-]{section.5.1}{Android}{chapter.5}% 30
\BOOKMARK [2][-]{subsection.5.1.1}{User Interface}{section.5.1}% 31
\BOOKMARK [2][-]{subsection.5.1.2}{Data Gathering}{section.5.1}% 32
\BOOKMARK [2][-]{subsection.5.1.3}{Data Storage}{section.5.1}% 33
\BOOKMARK [2][-]{subsection.5.1.4}{Security}{section.5.1}% 34
\BOOKMARK [1][-]{section.5.2}{Server}{chapter.5}% 35
\BOOKMARK [2][-]{subsection.5.2.1}{Back-End}{section.5.2}% 36
\BOOKMARK [2][-]{subsection.5.2.2}{Webpages}{section.5.2}% 37
\BOOKMARK [1][-]{section.5.3}{Encryption Tool}{chapter.5}% 38
\BOOKMARK [0][-]{chapter.6}{Chapter Experiment}{}% 39
\BOOKMARK [1][-]{section.6.1}{Setup and Execution}{chapter.6}% 40
\BOOKMARK [1][-]{section.6.2}{Expected Results}{chapter.6}% 41
\BOOKMARK [0][-]{chapter.7}{Chapter Results}{}% 42
\BOOKMARK [0][-]{chapter.8}{Chapter Conclusions}{}% 43
\BOOKMARK [1][-]{section.8.1}{Future Work}{chapter.8}% 44
\BOOKMARK [0][-]{appendix.A}{Appendix Abbreviations}{}% 45
\BOOKMARK [0][-]{appendix*.13}{Bibliography}{}% 46
